#
# A fatal error has been detected by the Java Runtime Environment:
#
#  Internal Error (javaCalls.cpp:51), pid=24124, tid=0x0000000000005978
#  guarantee(thread->is_Java_thread()) failed: crucial check - the VM thread cannot and must not escape to Java code
#
# JRE version: Java(TM) SE Runtime Environment (8.0_181-b13) (build 1.8.0_181-b13)
# Java VM: Java HotSpot(TM) 64-Bit Server VM (25.181-b13 mixed mode windows-amd64 compressed oops)
# Failed to write core dump. Minidumps are not enabled by default on client versions of Windows
#
# If you would like to submit a bug report, please visit:
#   http://bugreport.java.com/bugreport/crash.jsp
#

---------------  T H R E A D  ---------------

Current thread (0x0000000018367800):  VMThread [stack: 0x0000000019400000,0x0000000019500000] [id=22904]

Stack: [0x0000000019400000,0x0000000019500000]
[error occurred during error reporting (printing stack bounds), id 0xc0000005]

Native frames: (J=compiled Java code, j=interpreted, Vv=VM code, C=native code)

VM_Operation (0x0000000019e5f510): GetOrSetLocal, mode: safepoint, requested by thread 0x000000001976d000


---------------  P R O C E S S  ---------------

Java Threads: ( => current thread )
  0x000000001b57b000 JavaThread "pool-2-thread-1" [_thread_blocked, id=16880, stack(0x0000000021150000,0x0000000021250000)]
  0x000000001cfee000 JavaThread "pool-1-thread-1" [_thread_blocked, id=23480, stack(0x0000000021050000,0x0000000021150000)]
  0x000000001c79d800 JavaThread "Abandoned connection cleanup thread" daemon [_thread_blocked, id=22940, stack(0x0000000020be0000,0x0000000020ce0000)]
  0x000000001df7f000 JavaThread "threadDeathWatcher-4-1" daemon [_thread_blocked, id=23424, stack(0x000000001fad0000,0x000000001fbd0000)]
  0x000000001e181000 JavaThread "nioEventLoopGroup-3-1" [_thread_in_native, id=17956, stack(0x000000001d0f0000,0x000000001d1f0000)]
  0x000000001daeb800 JavaThread "nioEventLoopGroup-2-1" [_thread_in_native, id=11292, stack(0x000000001cff0000,0x000000001d0f0000)]
  0x000000001990a800 JavaThread "Service Thread" daemon [_thread_blocked, id=13860, stack(0x000000001a360000,0x000000001a460000)]
  0x0000000019976000 JavaThread "C1 CompilerThread2" daemon [_thread_blocked, id=23400, stack(0x000000001a260000,0x000000001a360000)]
  0x0000000019973000 JavaThread "C2 CompilerThread1" daemon [_thread_blocked, id=16180, stack(0x000000001a160000,0x000000001a260000)]
  0x0000000019884000 JavaThread "C2 CompilerThread0" daemon [_thread_blocked, id=17268, stack(0x000000001a060000,0x000000001a160000)]
  0x000000001977e000 JavaThread "JDWP Command Reader" daemon [_thread_in_native, id=15608, stack(0x0000000019f60000,0x000000001a060000)]
  0x000000001977a800 JavaThread "JDWP Event Helper Thread" daemon [_thread_blocked, id=3872, stack(0x0000000019e60000,0x0000000019f60000)]
  0x000000001976d000 JavaThread "JDWP Transport Listener: dt_socket" daemon [_thread_blocked, id=4436, stack(0x0000000019d60000,0x0000000019e60000)]
  0x00000000183af000 JavaThread "Attach Listener" daemon [_thread_blocked, id=20028, stack(0x0000000019c60000,0x0000000019d60000)]
  0x0000000019768800 JavaThread "Signal Dispatcher" daemon [_thread_blocked, id=22672, stack(0x0000000019b60000,0x0000000019c60000)]
  0x000000001838a000 JavaThread "Finalizer" daemon [_thread_blocked, id=22564, stack(0x0000000019600000,0x0000000019700000)]
  0x0000000018369000 JavaThread "Reference Handler" daemon [_thread_blocked, id=4184, stack(0x0000000019500000,0x0000000019600000)]
  0x000000000136e800 JavaThread "main" [_thread_blocked, id=2524, stack(0x0000000003550000,0x0000000003650000)]

Other Threads:
=>0x0000000018367800 VMThread [stack: 0x0000000019400000,0x0000000019500000] [id=22904]
  0x000000001987d800 WatcherThread [stack: 0x000000001a460000,0x000000001a560000] [id=9936]

VM state:at safepoint (normal execution)

VM Mutex/Monitor currently owned by a thread:  ([mutex/lock_event])
[0x0000000003750b50] Threads_lock - owner thread: 0x0000000018367800

Heap:
 PSYoungGen      total 38400K, used 18630K [0x00000000d5d80000, 0x00000000d8800000, 0x0000000100000000)
  eden space 33280K, 40% used [0x00000000d5d80000,0x00000000d6ab56c0,0x00000000d7e00000)
  from space 5120K, 99% used [0x00000000d7e00000,0x00000000d82fc2b0,0x00000000d8300000)
  to   space 5120K, 0% used [0x00000000d8300000,0x00000000d8300000,0x00000000d8800000)
 ParOldGen       total 87552K, used 1209K [0x0000000081800000, 0x0000000086d80000, 0x00000000d5d80000)
  object space 87552K, 1% used [0x0000000081800000,0x000000008192e430,0x0000000086d80000)
 Metaspace       used 18145K, capacity 18382K, committed 18560K, reserved 1064960K
  class space    used 1982K, capacity 2067K, committed 2176K, reserved 1048576K

Card table byte_map: [0x0000000012c10000,0x0000000013010000] byte_map_base: 0x0000000012804000

Marking Bits: (ParMarkBitMap*) 0x00000000686e2d00
 Begin Bits: [0x00000000136c0000, 0x0000000015660000)
 End Bits:   [0x0000000015660000, 0x0000000017600000)

Polling page: 0x0000000001350000

CodeCache: size=245760Kb used=6488Kb max_used=7577Kb free=239271Kb
 bounds [0x0000000003850000, 0x0000000003ff0000, 0x0000000012850000]
 total_blobs=1998 nmethods=1547 adapters=371
 compilation: enabled

Compilation events (10 events):
Event: 324.190 Thread 0x0000000019976000 1778       3       java.util.concurrent.locks.AbstractQueuedSynchronizer$ConditionObject::doSignal (43 bytes)
Event: 324.191 Thread 0x0000000019976000 nmethod 1778 0x0000000003c8a610 code [0x0000000003c8a780, 0x0000000003c8ab08]
Event: 327.191 Thread 0x0000000019973000 1779       4       java.util.concurrent.ConcurrentHashMap$ValuesView::iterator (34 bytes)
Event: 327.195 Thread 0x0000000019973000 nmethod 1779 0x0000000003c89c90 code [0x0000000003c89de0, 0x0000000003c8a1b8]
Event: 335.192 Thread 0x0000000019884000 1780       4       java.util.ArrayList::<init> (12 bytes)
Event: 335.193 Thread 0x0000000019884000 nmethod 1780 0x0000000003ca26d0 code [0x0000000003ca2800, 0x0000000003ca2878]
Event: 337.190 Thread 0x0000000019976000 1781       1       com.hh.mmorpg.domain.LivingThing::getAttackObject (5 bytes)
Event: 337.190 Thread 0x0000000019976000 nmethod 1781 0x0000000003c6fcd0 code [0x0000000003c6fe20, 0x0000000003c6ff30]
Event: 347.190 Thread 0x0000000019976000 1782       3       com.hh.mmorpg.domain.Scene::sceneHeartBeat (308 bytes)
Event: 347.193 Thread 0x0000000019976000 nmethod 1782 0x0000000003a1e350 code [0x0000000003a1e820, 0x0000000003a21638]

GC Heap History (6 events):
Event: 1.671 GC heap before
{Heap before GC invocations=1 (full 0):
 PSYoungGen      total 38400K, used 33280K [0x00000000d5d80000, 0x00000000d8800000, 0x0000000100000000)
  eden space 33280K, 100% used [0x00000000d5d80000,0x00000000d7e00000,0x00000000d7e00000)
  from space 5120K, 0% used [0x00000000d8300000,0x00000000d8300000,0x00000000d8800000)
  to   space 5120K, 0% used [0x00000000d7e00000,0x00000000d7e00000,0x00000000d8300000)
 ParOldGen       total 87552K, used 0K [0x0000000081800000, 0x0000000086d80000, 0x00000000d5d80000)
  object space 87552K, 0% used [0x0000000081800000,0x0000000081800000,0x0000000086d80000)
 Metaspace       used 9828K, capacity 9992K, committed 10240K, reserved 1058816K
  class space    used 1105K, capacity 1178K, committed 1280K, reserved 1048576K
Event: 1.679 GC heap after
Heap after GC invocations=1 (full 0):
 PSYoungGen      total 38400K, used 3783K [0x00000000d5d80000, 0x00000000d8800000, 0x0000000100000000)
  eden space 33280K, 0% used [0x00000000d5d80000,0x00000000d5d80000,0x00000000d7e00000)
  from space 5120K, 73% used [0x00000000d7e00000,0x00000000d81b1c80,0x00000000d8300000)
  to   space 5120K, 0% used [0x00000000d8300000,0x00000000d8300000,0x00000000d8800000)
 ParOldGen       total 87552K, used 8K [0x0000000081800000, 0x0000000086d80000, 0x00000000d5d80000)
  object space 87552K, 0% used [0x0000000081800000,0x0000000081802000,0x0000000086d80000)
 Metaspace       used 9828K, capacity 9992K, committed 10240K, reserved 1058816K
  class space    used 1105K, capacity 1178K, committed 1280K, reserved 1048576K
}
Event: 6.567 GC heap before
{Heap before GC invocations=2 (full 0):
 PSYoungGen      total 38400K, used 37063K [0x00000000d5d80000, 0x00000000d8800000, 0x0000000100000000)
  eden space 33280K, 100% used [0x00000000d5d80000,0x00000000d7e00000,0x00000000d7e00000)
  from space 5120K, 73% used [0x00000000d7e00000,0x00000000d81b1c80,0x00000000d8300000)
  to   space 5120K, 0% used [0x00000000d8300000,0x00000000d8300000,0x00000000d8800000)
 ParOldGen       total 87552K, used 8K [0x0000000081800000, 0x0000000086d80000, 0x00000000d5d80000)
  object space 87552K, 0% used [0x0000000081800000,0x0000000081802000,0x0000000086d80000)
 Metaspace       used 13232K, capacity 13422K, committed 13568K, reserved 1060864K
  class space    used 1465K, capacity 1532K, committed 1536K, reserved 1048576K
Event: 6.576 GC heap after
Heap after GC invocations=2 (full 0):
 PSYoungGen      total 38400K, used 5089K [0x00000000d5d80000, 0x00000000d8800000, 0x0000000100000000)
  eden space 33280K, 0% used [0x00000000d5d80000,0x00000000d5d80000,0x00000000d7e00000)
  from space 5120K, 99% used [0x00000000d8300000,0x00000000d87f8458,0x00000000d8800000)
  to   space 5120K, 0% used [0x00000000d7e00000,0x00000000d7e00000,0x00000000d8300000)
 ParOldGen       total 87552K, used 330K [0x0000000081800000, 0x0000000086d80000, 0x00000000d5d80000)
  object space 87552K, 0% used [0x0000000081800000,0x0000000081852b48,0x0000000086d80000)
 Metaspace       used 13232K, capacity 13422K, committed 13568K, reserved 1060864K
  class space    used 1465K, capacity 1532K, committed 1536K, reserved 1048576K
}
Event: 14.750 GC heap before
{Heap before GC invocations=3 (full 0):
 PSYoungGen      total 38400K, used 38369K [0x00000000d5d80000, 0x00000000d8800000, 0x0000000100000000)
  eden space 33280K, 100% used [0x00000000d5d80000,0x00000000d7e00000,0x00000000d7e00000)
  from space 5120K, 99% used [0x00000000d8300000,0x00000000d87f8458,0x00000000d8800000)
  to   space 5120K, 0% used [0x00000000d7e00000,0x00000000d7e00000,0x00000000d8300000)
 ParOldGen       total 87552K, used 330K [0x0000000081800000, 0x0000000086d80000, 0x00000000d5d80000)
  object space 87552K, 0% used [0x0000000081800000,0x0000000081852b48,0x0000000086d80000)
 Metaspace       used 17169K, capacity 17408K, committed 17664K, reserved 1064960K
  class space    used 1906K, capacity 1984K, committed 2048K, reserved 1048576K
Event: 14.773 GC heap after
Heap after GC invocations=3 (full 0):
 PSYoungGen      total 38400K, used 5104K [0x00000000d5d80000, 0x00000000d8800000, 0x0000000100000000)
  eden space 33280K, 0% used [0x00000000d5d80000,0x00000000d5d80000,0x00000000d7e00000)
  from space 5120K, 99% used [0x00000000d7e00000,0x00000000d82fc2b0,0x00000000d8300000)
  to   space 5120K, 0% used [0x00000000d8300000,0x00000000d8300000,0x00000000d8800000)
 ParOldGen       total 87552K, used 1209K [0x0000000081800000, 0x0000000086d80000, 0x00000000d5d80000)
  object space 87552K, 1% used [0x0000000081800000,0x000000008192e430,0x0000000086d80000)
 Metaspace       used 17169K, capacity 17408K, committed 17664K, reserved 1064960K
  class space    used 1906K, capacity 1984K, committed 2048K, reserved 1048576K
}

Deoptimization events (10 events):
Event: 15.114 Thread 0x000000001e181000 Uncommon trap: reason=unhandled action=none pc=0x0000000003e68d18 method=com.mysql.jdbc.ResultSetImpl.checkClosed()Lcom/mysql/jdbc/MySQLConnection; @ 25
Event: 15.118 Thread 0x000000001e181000 Uncommon trap: reason=unhandled action=none pc=0x0000000003e68d18 method=com.mysql.jdbc.ResultSetImpl.checkClosed()Lcom/mysql/jdbc/MySQLConnection; @ 25
Event: 15.119 Thread 0x000000001e181000 Uncommon trap: reason=unhandled action=none pc=0x0000000003e68d18 method=com.mysql.jdbc.ResultSetImpl.checkClosed()Lcom/mysql/jdbc/MySQLConnection; @ 25
Event: 15.120 Thread 0x000000001e181000 Uncommon trap: reason=unhandled action=none pc=0x0000000003e68d18 method=com.mysql.jdbc.ResultSetImpl.checkClosed()Lcom/mysql/jdbc/MySQLConnection; @ 25
Event: 15.280 Thread 0x000000001e181000 Uncommon trap: reason=class_check action=maybe_recompile pc=0x0000000003d22724 method=java.util.regex.Pattern$Start.match(Ljava/util/regex/Matcher;ILjava/lang/CharSequence;)Z @ 44
Event: 15.280 Thread 0x000000001e181000 Uncommon trap: reason=class_check action=maybe_recompile pc=0x0000000003d22724 method=java.util.regex.Pattern$Start.match(Ljava/util/regex/Matcher;ILjava/lang/CharSequence;)Z @ 44
Event: 15.362 Thread 0x000000001e181000 Uncommon trap: reason=unstable_if action=reinterpret pc=0x0000000003ab9eb4 method=sun.nio.cs.UTF_8$Encoder.encode([CII[B)I @ 33
Event: 17.786 Thread 0x000000001e181000 Uncommon trap: reason=class_check action=maybe_recompile pc=0x0000000003d22724 method=java.util.regex.Pattern$Start.match(Ljava/util/regex/Matcher;ILjava/lang/CharSequence;)Z @ 44
Event: 17.786 Thread 0x000000001e181000 Uncommon trap: reason=class_check action=maybe_recompile pc=0x0000000003d22724 method=java.util.regex.Pattern$Start.match(Ljava/util/regex/Matcher;ILjava/lang/CharSequence;)Z @ 44
Event: 25.677 Thread 0x000000001e181000 Uncommon trap: reason=unstable_if action=reinterpret pc=0x0000000003e7ab54 method=java.nio.ByteBuffer.hasArray()Z @ 4

Classes redefined (4 events):
Event: 271.030 Thread 0x0000000018367800 redefined class name=com.hh.mmorpg.domain.LivingThing, count=1
Event: 322.560 Thread 0x0000000018367800 redefined class name=com.hh.mmorpg.domain.LivingThing, count=2
Event: 351.203 Thread 0x0000000018367800 redefined class name=com.hh.mmorpg.domain.LivingThing, count=3
Event: 352.337 Thread 0x0000000018367800 redefined class name=com.hh.mmorpg.domain.LivingThing, count=4

Internal exceptions (10 events):
Event: 1.929 Thread 0x000000001e181000 Exception <a 'java/lang/ArrayIndexOutOfBoundsException'> (0x00000000d661ed18) thrown at [C:\re\workspace\8-2-build-windows-amd64-cygwin\jdk8u181\11358\hotspot\src\share\vm\runtime\sharedRuntime.cpp, line 605]
Event: 1.930 Thread 0x000000001e181000 Exception <a 'java/lang/ArrayIndexOutOfBoundsException'> (0x00000000d6623788) thrown at [C:\re\workspace\8-2-build-windows-amd64-cygwin\jdk8u181\11358\hotspot\src\share\vm\runtime\sharedRuntime.cpp, line 605]
Event: 1.931 Thread 0x000000001e181000 Exception <a 'java/lang/ArrayIndexOutOfBoundsException'> (0x00000000d6627408) thrown at [C:\re\workspace\8-2-build-windows-amd64-cygwin\jdk8u181\11358\hotspot\src\share\vm\runtime\sharedRuntime.cpp, line 605]
Event: 1.964 Thread 0x000000001e181000 Exception <a 'java/lang/ArrayIndexOutOfBoundsException'> (0x00000000d67ec008) thrown at [C:\re\workspace\8-2-build-windows-amd64-cygwin\jdk8u181\11358\hotspot\src\share\vm\runtime\sharedRuntime.cpp, line 605]
Event: 1.964 Thread 0x000000001e181000 Exception <a 'java/lang/ArrayIndexOutOfBoundsException'> (0x00000000d67ed630) thrown at [C:\re\workspace\8-2-build-windows-amd64-cygwin\jdk8u181\11358\hotspot\src\share\vm\runtime\sharedRuntime.cpp, line 605]
Event: 1.973 Thread 0x000000001e181000 Exception <a 'java/lang/ArrayIndexOutOfBoundsException'> (0x00000000d687aca0) thrown at [C:\re\workspace\8-2-build-windows-amd64-cygwin\jdk8u181\11358\hotspot\src\share\vm\runtime\sharedRuntime.cpp, line 605]
Event: 1.986 Thread 0x000000001e181000 Exception <a 'java/lang/ArrayIndexOutOfBoundsException'> (0x00000000d68e1fd0) thrown at [C:\re\workspace\8-2-build-windows-amd64-cygwin\jdk8u181\11358\hotspot\src\share\vm\runtime\sharedRuntime.cpp, line 605]
Event: 1.986 Thread 0x000000001e181000 Exception <a 'java/lang/ArrayIndexOutOfBoundsException'> (0x00000000d68e3228) thrown at [C:\re\workspace\8-2-build-windows-amd64-cygwin\jdk8u181\11358\hotspot\src\share\vm\runtime\sharedRuntime.cpp, line 605]
Event: 2.090 Thread 0x000000001e181000 Exception <a 'java/lang/ArrayIndexOutOfBoundsException'> (0x00000000d6e60928) thrown at [C:\re\workspace\8-2-build-windows-amd64-cygwin\jdk8u181\11358\hotspot\src\share\vm\runtime\sharedRuntime.cpp, line 605]
Event: 6.382 Thread 0x000000001e181000 Implicit null exception at 0x0000000003accc99 to 0x0000000003acd179

Events (10 events):
Event: 352.359 Executing VM operation: GetCurrentContendedMonitor done
Event: 352.359 Executing VM operation: GetOwnedMonitorInfo
Event: 352.359 Executing VM operation: GetOwnedMonitorInfo done
Event: 352.359 Executing VM operation: GetCurrentContendedMonitor
Event: 352.359 Executing VM operation: GetCurrentContendedMonitor done
Event: 352.360 Executing VM operation: GetCurrentContendedMonitor
Event: 352.360 Executing VM operation: GetCurrentContendedMonitor done
Event: 352.360 Executing VM operation: GetOwnedMonitorInfo
Event: 352.360 Executing VM operation: GetOwnedMonitorInfo done
Event: 352.433 Executing VM operation: GetOrSetLocal


Dynamic libraries:
0x00007ff757020000 - 0x00007ff757057000 	C:\Program Files\Java\jdk1.8.0_181\bin\javaw.exe
0x00007fff70800000 - 0x00007fff709e1000 	C:\WINDOWS\SYSTEM32\ntdll.dll
0x00007fff70710000 - 0x00007fff707c2000 	C:\WINDOWS\System32\KERNEL32.DLL
0x00007fff6da10000 - 0x00007fff6dc83000 	C:\WINDOWS\System32\KERNELBASE.dll
0x00007fff6ec40000 - 0x00007fff6ece1000 	C:\WINDOWS\System32\ADVAPI32.dll
0x00007fff6dcf0000 - 0x00007fff6dd8e000 	C:\WINDOWS\System32\msvcrt.dll
0x00007fff6e9b0000 - 0x00007fff6ea0b000 	C:\WINDOWS\System32\sechost.dll
0x00007fff6ecf0000 - 0x00007fff6ee14000 	C:\WINDOWS\System32\RPCRT4.dll
0x00007fff6ee20000 - 0x00007fff6efb0000 	C:\WINDOWS\System32\USER32.dll
0x00007fff6d6d0000 - 0x00007fff6d6f0000 	C:\WINDOWS\System32\win32u.dll
0x00007fff6dff0000 - 0x00007fff6e018000 	C:\WINDOWS\System32\GDI32.dll
0x00007fff6cbd0000 - 0x00007fff6cd62000 	C:\WINDOWS\System32\gdi32full.dll
0x00007fff6d480000 - 0x00007fff6d51f000 	C:\WINDOWS\System32\msvcp_win.dll
0x00007fff6d580000 - 0x00007fff6d67a000 	C:\WINDOWS\System32\ucrtbase.dll
0x00007fff5e2a0000 - 0x00007fff5e509000 	C:\WINDOWS\WinSxS\amd64_microsoft.windows.common-controls_6595b64144ccf1df_6.0.17134.407_none_fb449d63306391e9\COMCTL32.dll
0x00007fff6e680000 - 0x00007fff6e9a2000 	C:\WINDOWS\System32\combase.dll
0x00007fff6d990000 - 0x00007fff6da0a000 	C:\WINDOWS\System32\bcryptPrimitives.dll
0x00007fff6ec10000 - 0x00007fff6ec3d000 	C:\WINDOWS\System32\IMM32.DLL
0x00000000696c0000 - 0x0000000069792000 	C:\Program Files\Java\jdk1.8.0_181\jre\bin\msvcr100.dll
0x0000000067ec0000 - 0x0000000068762000 	C:\Program Files\Java\jdk1.8.0_181\jre\bin\server\jvm.dll
0x00007fff6e020000 - 0x00007fff6e028000 	C:\WINDOWS\System32\PSAPI.DLL
0x00007fff5d5e0000 - 0x00007fff5d5ea000 	C:\WINDOWS\SYSTEM32\VERSION.dll
0x00007fff6a370000 - 0x00007fff6a393000 	C:\WINDOWS\SYSTEM32\WINMM.dll
0x00007fff58470000 - 0x00007fff58479000 	C:\WINDOWS\SYSTEM32\WSOCK32.dll
0x00007fff6f200000 - 0x00007fff6f26c000 	C:\WINDOWS\System32\WS2_32.dll
0x00007fff6a000000 - 0x00007fff6a02a000 	C:\WINDOWS\SYSTEM32\winmmbase.dll
0x00007fff6d680000 - 0x00007fff6d6c9000 	C:\WINDOWS\System32\cfgmgr32.dll
0x000000006a450000 - 0x000000006a45f000 	C:\Program Files\Java\jdk1.8.0_181\jre\bin\verify.dll
0x000000006a3c0000 - 0x000000006a3e9000 	C:\Program Files\Java\jdk1.8.0_181\jre\bin\java.dll
0x0000000068a10000 - 0x0000000068a45000 	C:\Program Files\Java\jdk1.8.0_181\jre\bin\jdwp.dll
0x000000006a440000 - 0x000000006a448000 	C:\Program Files\Java\jdk1.8.0_181\jre\bin\npt.dll
0x0000000069690000 - 0x00000000696b3000 	C:\Program Files\Java\jdk1.8.0_181\jre\bin\instrument.dll
0x000000006a3a0000 - 0x000000006a3b6000 	C:\Program Files\Java\jdk1.8.0_181\jre\bin\zip.dll
0x00007fff6f270000 - 0x00007fff706af000 	C:\WINDOWS\System32\SHELL32.dll
0x00007fff6e5d0000 - 0x00007fff6e679000 	C:\WINDOWS\System32\shcore.dll
0x00007fff6cd70000 - 0x00007fff6d47d000 	C:\WINDOWS\System32\windows.storage.dll
0x00007fff6dc90000 - 0x00007fff6dce1000 	C:\WINDOWS\System32\shlwapi.dll
0x00007fff6cb40000 - 0x00007fff6cb51000 	C:\WINDOWS\System32\kernel.appcore.dll
0x00007fff6cb20000 - 0x00007fff6cb3f000 	C:\WINDOWS\System32\profapi.dll
0x00007fff6cb60000 - 0x00007fff6cbac000 	C:\WINDOWS\System32\powrprof.dll
0x00007fff6cb10000 - 0x00007fff6cb1a000 	C:\WINDOWS\System32\FLTLIB.DLL
0x00000000699f0000 - 0x00000000699f9000 	C:\Program Files\Java\jdk1.8.0_181\jre\bin\dt_socket.dll
0x00007fff5cbe0000 - 0x00007fff5cbf6000 	C:\WINDOWS\system32\napinsp.dll
0x00007fff5cbc0000 - 0x00007fff5cbda000 	C:\WINDOWS\system32\pnrpnsp.dll
0x00007fff689c0000 - 0x00007fff689d9000 	C:\WINDOWS\system32\NLAapi.dll
0x00007fff6c330000 - 0x00007fff6c396000 	C:\WINDOWS\System32\mswsock.dll
0x00007fff6c0f0000 - 0x00007fff6c1ae000 	C:\WINDOWS\SYSTEM32\DNSAPI.dll
0x00007fff6dd90000 - 0x00007fff6dd98000 	C:\WINDOWS\System32\NSI.dll
0x00007fff6c0b0000 - 0x00007fff6c0e8000 	C:\WINDOWS\SYSTEM32\IPHLPAPI.DLL
0x00007fff5ce50000 - 0x00007fff5ce5e000 	C:\WINDOWS\System32\winrnr.dll
0x00007fff65750000 - 0x00007fff65765000 	C:\WINDOWS\System32\wshbth.dll
0x00007fff5dec0000 - 0x00007fff5df32000 	C:\WINDOWS\System32\fwpuclnt.dll
0x00007fff6c670000 - 0x00007fff6c695000 	C:\WINDOWS\SYSTEM32\bcrypt.dll
0x00007fff5caf0000 - 0x00007fff5cafa000 	C:\Windows\System32\rasadhlp.dll
0x0000000069400000 - 0x000000006941a000 	C:\Program Files\Java\jdk1.8.0_181\jre\bin\net.dll
0x00000000689f0000 - 0x0000000068a01000 	C:\Program Files\Java\jdk1.8.0_181\jre\bin\nio.dll
0x00007fff6c4f0000 - 0x00007fff6c507000 	C:\WINDOWS\SYSTEM32\CRYPTSP.dll
0x00007fff6bf10000 - 0x00007fff6bf43000 	C:\WINDOWS\system32\rsaenh.dll
0x00007fff6ca10000 - 0x00007fff6ca38000 	C:\WINDOWS\SYSTEM32\USERENV.dll
0x00007fff6c4e0000 - 0x00007fff6c4eb000 	C:\WINDOWS\SYSTEM32\CRYPTBASE.dll
0x00007fff5de50000 - 0x00007fff5de66000 	C:\WINDOWS\SYSTEM32\dhcpcsvc6.DLL
0x00007fff5ddb0000 - 0x00007fff5ddca000 	C:\WINDOWS\SYSTEM32\dhcpcsvc.DLL
0x00000000693f0000 - 0x00000000693fd000 	C:\Program Files\Java\jdk1.8.0_181\jre\bin\management.dll

VM Arguments:
jvm_args: -agentlib:jdwp=transport=dt_socket,suspend=y,address=localhost:57659 -javaagent:C:\Users\37\eclipse\java-2018-09\eclipse\configuration\org.eclipse.osgi\237\0\.cp\lib\javaagent-shaded.jar -Dfile.encoding=UTF-8 
java_command: com.hh.mmorpg.test.TestMain
java_class_path (initial): C:\Users\37\eclipse-workspace\mmorpg\target\classes;C:\Users\37\.m2\repository\junit\junit\4.12\junit-4.12.jar;C:\Users\37\.m2\repository\org\hamcrest\hamcrest-core\1.3\hamcrest-core-1.3.jar;C:\Users\37\.m2\repository\com\alibaba\fastjson\1.2.23\fastjson-1.2.23.jar;C:\Users\37\.m2\repository\io\netty\netty-all\4.1.6.Final\netty-all-4.1.6.Final.jar;C:\Users\37\.m2\repository\mysql\mysql-connector-java\5.1.25\mysql-connector-java-5.1.25.jar;C:\Users\37\.m2\repository\com\google\guava\guava\19.0\guava-19.0.jar;C:\Users\37\.m2\repository\dom4j\dom4j\1.6\dom4j-1.6.jar;C:\Users\37\.m2\repository\xml-apis\xml-apis\1.0.b2\xml-apis-1.0.b2.jar;C:\Users\37\eclipse\java-2018-09\eclipse\configuration\org.eclipse.osgi\237\0\.cp\lib\javaagent-shaded.jar
Launcher Type: SUN_STANDARD

Environment Variables:
JAVA_HOME=C:\Program Files\Java\jdk1.8.0_181
PATH=C:\Program Files\Java\jdk1.8.0_181\jre\bin;C:/Program Files/Java/jre1.8.0_181/bin/server;C:/Program Files/Java/jre1.8.0_181/bin;C:/Program Files/Java/jre1.8.0_181/lib/amd64;C:\Program Files (x86)\Common Files\Oracle\Java\javapath;C:\Program Files (x86)\Intel\Intel(R) Management Engine Components\iCLS\;C:\Program Files\Intel\Intel(R) Management Engine Components\iCLS\;C:\WINDOWS\system32;C:\WINDOWS;C:\WINDOWS\System32\Wbem;C:\WINDOWS\System32\WindowsPowerShell\v1.0\;C:\Program Files (x86)\Intel\Intel(R) Management Engine Components\DAL;C:\Program Files\Intel\Intel(R) Management Engine Components\DAL;C:\Program Files (x86)\Intel\Intel(R) Management Engine Components\IPT;C:\Program Files\Intel\Intel(R) Management Engine Components\IPT;C:\Program Files\maven\apache-maven-3.5.4\bin;C:\Program Files\Java\jdk1.8.0_181\bin;C:\Program Files\mysql\bin;C:\Program Files\Git\cmd;C:\Program Files\Intel\WiFi\bin\;C:\Program Files\Common Files\Intel\WirelessCommon\;C:\WINDOWS\System32\OpenSSH\;C:\Users\37\AppData\Local\Microsoft\WindowsApps;;C:\Users\37\Desktop;
USERNAME=37
OS=Windows_NT
PROCESSOR_IDENTIFIER=Intel64 Family 6 Model 142 Stepping 9, GenuineIntel



---------------  S Y S T E M  ---------------

OS: Windows 10.0 , 64 bit Build 17134 (10.0.17134.1)

CPU:total 4 (initial active 4) (2 cores per cpu, 2 threads per core) family 6 model 142 stepping 9, cmov, cx8, fxsr, mmx, sse, sse2, sse3, ssse3, sse4.1, sse4.2, popcnt, avx, avx2, aes, clmul, erms, 3dnowpref, lzcnt, ht, tsc, tscinvbit, bmi1, bmi2, adx

Memory: 4k page, physical 8284900k(3430548k free), swap 11561700k(3594840k free)

vm_info: Java HotSpot(TM) 64-Bit Server VM (25.181-b13) for windows-amd64 JRE (1.8.0_181-b13), built on Jul  7 2018 04:01:33 by "java_re" with MS VC++ 10.0 (VS2010)

time: Wed Dec 05 15:08:23 2018
elapsed time: 352 seconds (0d 0h 5m 52s)

